<?xml version="1.0" encoding="UTF-8"?>
<!-- Generated by org.testng.reporters.JUnitReportReporter -->
<testsuite name="com.opencellsoft.testng.tests.configuration.TestAdminLoginKC" tests="1" time="8.433" ignored="8" failures="0" timestamp="25 déc. 2019 10:00:36 GMT" skipped="0" hostname="DESKTOP-JRO2HF0" errors="0">
  <testcase name="login" time="8.433" classname="com.opencellsoft.testng.tests.configuration.TestAdminLoginKC"/>
  <testcase name="afterSuite" classname="com.opencellsoft.testng.tests.base.TestBase">
    <skipped/>
  </testcase> <!-- afterSuite -->
  <testcase name="afterSuite" classname="com.opencellsoft.testng.tests.base.TestBase">
    <skipped/>
  </testcase> <!-- afterSuite -->
  <testcase name="beforeTest" classname="com.opencellsoft.testng.tests.base.TestBase">
    <skipped/>
  </testcase> <!-- beforeTest -->
  <testcase name="beforeTest" classname="com.opencellsoft.testng.tests.base.TestBase">
    <skipped/>
  </testcase> <!-- beforeTest -->
  <testcase name="afterTest" classname="com.opencellsoft.testng.tests.base.TestBase">
    <skipped/>
  </testcase> <!-- afterTest -->
  <testcase name="afterTest" classname="com.opencellsoft.testng.tests.base.TestBase">
    <skipped/>
  </testcase> <!-- afterTest -->
  <testcase name="beforeSuite" classname="com.opencellsoft.testng.tests.base.TestBase">
    <skipped/>
  </testcase> <!-- beforeSuite -->
  <testcase name="beforeSuite" classname="com.opencellsoft.testng.tests.base.TestBase">
    <skipped/>
  </testcase> <!-- beforeSuite -->
</testsuite> <!-- com.opencellsoft.testng.tests.configuration.TestAdminLoginKC -->
