<?xml version="1.0" encoding="UTF-8"?>
<!-- Generated by org.testng.reporters.JUnitXMLReporter -->
<testsuite hostname="MIFTAH" ignored="4" name="quotesAndOrders" tests="2" failures="0" timestamp="11 avr. 2019 13:13:21 GMT" time="38.588" errors="0">
  <testcase name="testOrdersPage" time="21.989" classname="com.opencellsoft.testng.tests.quotesandorders.TestOrders"/>
  <testcase name="testQuotesPage" time="16.093" classname="com.opencellsoft.testng.tests.quotesandorders.TestQuotes"/>
  <testcase name="@AfterSuite afterSuite" time="0.0" classname="com.opencellsoft.testng.tests.base.TestBase">
    <ignored/>
  </testcase> <!-- @AfterSuite afterSuite -->
  <testcase name="@BeforeTest beforeTest" time="0.0" classname="com.opencellsoft.testng.tests.base.TestBase">
    <ignored/>
  </testcase> <!-- @BeforeTest beforeTest -->
  <testcase name="@AfterTest afterTest" time="0.0" classname="com.opencellsoft.testng.tests.base.TestBase">
    <ignored/>
  </testcase> <!-- @AfterTest afterTest -->
  <testcase name="@BeforeSuite beforeSuite" time="0.0" classname="com.opencellsoft.testng.tests.base.TestBase">
    <ignored/>
  </testcase> <!-- @BeforeSuite beforeSuite -->
</testsuite> <!-- quotesAndOrders -->
