<?xml version="1.0" encoding="UTF-8"?>
<testng-results skipped="0" failed="0" ignored="0" total="2" passed="2">
  <reporter-output>
  </reporter-output>
  <suite name="TestAll" duration-ms="29894" started-at="2020-01-08T16:04:25Z" finished-at="2020-01-08T16:04:55Z">
    <groups>
    </groups>
    <test name="Login" duration-ms="23583" started-at="2020-01-08T16:04:25Z" finished-at="2020-01-08T16:04:48Z">
      <class name="com.opencellsoft.testng.tests.configuration.TestAdminLoginKC">
        <test-method status="PASS" signature="beforeTest()[pri:0, instance:com.opencellsoft.testng.tests.configuration.TestAdminLoginKC@3f191845]" name="beforeTest" is-config="true" duration-ms="1" started-at="2020-01-08T17:04:25Z" finished-at="2020-01-08T17:04:25Z">
          <reporter-output>
          </reporter-output>
        </test-method> <!-- beforeTest -->
        <test-method status="PASS" signature="beforeMethod()[pri:0, instance:com.opencellsoft.testng.tests.configuration.TestAdminLoginKC@3f191845]" name="beforeMethod" is-config="true" duration-ms="0" started-at="2020-01-08T17:04:25Z" finished-at="2020-01-08T17:04:25Z">
          <reporter-output>
          </reporter-output>
        </test-method> <!-- beforeMethod -->
        <test-method status="PASS" signature="login()[pri:0, instance:com.opencellsoft.testng.tests.configuration.TestAdminLoginKC@3f191845]" name="login" duration-ms="23051" started-at="2020-01-08T17:04:25Z" finished-at="2020-01-08T17:04:48Z">
          <reporter-output>
          </reporter-output>
        </test-method> <!-- login -->
        <test-method status="PASS" signature="afterMethod()[pri:0, instance:com.opencellsoft.testng.tests.configuration.TestAdminLoginKC@3f191845]" name="afterMethod" is-config="true" duration-ms="0" started-at="2020-01-08T17:04:48Z" finished-at="2020-01-08T17:04:48Z">
          <reporter-output>
          </reporter-output>
        </test-method> <!-- afterMethod -->
        <test-method status="PASS" signature="afterTest()[pri:0, instance:com.opencellsoft.testng.tests.configuration.TestAdminLoginKC@3f191845]" name="afterTest" is-config="true" duration-ms="501" started-at="2020-01-08T17:04:48Z" finished-at="2020-01-08T17:04:48Z">
          <reporter-output>
          </reporter-output>
        </test-method> <!-- afterTest -->
      </class> <!-- com.opencellsoft.testng.tests.configuration.TestAdminLoginKC -->
    </test> <!-- Login -->
    <test name="Administration" duration-ms="6270" started-at="2020-01-08T16:04:48Z" finished-at="2020-01-08T16:04:55Z">
      <class name="com.opencellsoft.testng.tests.compteClient.TestCompteClient">
        <test-method status="PASS" signature="beforeSuite(java.lang.String)[pri:0, instance:com.opencellsoft.testng.tests.compteClient.TestCompteClient@6fa51cd4]" name="beforeSuite" is-config="true" duration-ms="19" started-at="2020-01-08T17:04:25Z" finished-at="2020-01-08T17:04:25Z">
          <params>
            <param index="0">
              <value>
                <![CDATA[en]]>
              </value>
            </param>
          </params>
          <reporter-output>
          </reporter-output>
        </test-method> <!-- beforeSuite -->
        <test-method status="PASS" signature="beforeTest()[pri:0, instance:com.opencellsoft.testng.tests.compteClient.TestCompteClient@6fa51cd4]" name="beforeTest" is-config="true" duration-ms="2" started-at="2020-01-08T17:04:48Z" finished-at="2020-01-08T17:04:48Z">
          <reporter-output>
          </reporter-output>
        </test-method> <!-- beforeTest -->
        <test-method status="PASS" signature="clientClientdetails()[pri:0, instance:com.opencellsoft.testng.tests.compteClient.TestCompteClient@6fa51cd4]" name="clientClientdetails" duration-ms="5761" started-at="2020-01-08T17:04:48Z" finished-at="2020-01-08T17:04:54Z">
          <reporter-output>
          </reporter-output>
        </test-method> <!-- clientClientdetails -->
        <test-method status="PASS" signature="beforeMethod()[pri:0, instance:com.opencellsoft.testng.tests.compteClient.TestCompteClient@6fa51cd4]" name="beforeMethod" is-config="true" duration-ms="0" started-at="2020-01-08T17:04:48Z" finished-at="2020-01-08T17:04:48Z">
          <reporter-output>
          </reporter-output>
        </test-method> <!-- beforeMethod -->
        <test-method status="PASS" signature="afterTest()[pri:0, instance:com.opencellsoft.testng.tests.compteClient.TestCompteClient@6fa51cd4]" name="afterTest" is-config="true" duration-ms="501" started-at="2020-01-08T17:04:54Z" finished-at="2020-01-08T17:04:55Z">
          <reporter-output>
          </reporter-output>
        </test-method> <!-- afterTest -->
        <test-method status="PASS" signature="afterMethod()[pri:0, instance:com.opencellsoft.testng.tests.compteClient.TestCompteClient@6fa51cd4]" name="afterMethod" is-config="true" duration-ms="0" started-at="2020-01-08T17:04:54Z" finished-at="2020-01-08T17:04:54Z">
          <reporter-output>
          </reporter-output>
        </test-method> <!-- afterMethod -->
        <test-method status="PASS" signature="afterSuite()[pri:0, instance:com.opencellsoft.testng.tests.compteClient.TestCompteClient@6fa51cd4]" name="afterSuite" is-config="true" duration-ms="0" started-at="2020-01-08T17:04:55Z" finished-at="2020-01-08T17:04:55Z">
          <reporter-output>
          </reporter-output>
        </test-method> <!-- afterSuite -->
      </class> <!-- com.opencellsoft.testng.tests.compteClient.TestCompteClient -->
    </test> <!-- Administration -->
  </suite> <!-- TestAll -->
</testng-results>
